[debug] [2024-02-18T17:54:54.917Z] ----------------------------------------------------------------------
[debug] [2024-02-18T17:54:54.921Z] Command:       C:\Program Files\nodejs\node.exe C:\Users\anang\AppData\Roaming\npm\node_modules\firebase-tools\lib\bin\firebase.js init
[debug] [2024-02-18T17:54:54.921Z] CLI Version:   13.0.2
[debug] [2024-02-18T17:54:54.922Z] Platform:      win32
[debug] [2024-02-18T17:54:54.922Z] Node Version:  v20.10.0
[debug] [2024-02-18T17:54:54.922Z] Time:          Sun Feb 18 2024 11:54:54 GMT-0600 (Central Standard Time)
[debug] [2024-02-18T17:54:54.922Z] ----------------------------------------------------------------------
[debug] 
[debug] [2024-02-18T17:54:54.925Z] >>> [apiv2][query] GET https://firebase-public.firebaseio.com/cli.json [none]
[debug] [2024-02-18T17:54:54.988Z] > command requires scopes: ["email","openid","https://www.googleapis.com/auth/cloudplatformprojects.readonly","https://www.googleapis.com/auth/firebase","https://www.googleapis.com/auth/cloud-platform"]
[debug] [2024-02-18T17:54:54.988Z] > authorizing via signed-in user (an.angelmom2@gmail.com)
[info] 
     ######## #### ########  ######## ########     ###     ######  ########
     ##        ##  ##     ## ##       ##     ##  ##   ##  ##       ##
     ######    ##  ########  ######   ########  #########  ######  ######
     ##        ##  ##    ##  ##       ##     ## ##     ##       ## ##
     ##       #### ##     ## ######## ########  ##     ##  ######  ########

You're about to initialize a Firebase project in this directory:

  C:\Users\anang\OneDrive\Desktop\NucampFolder\NucampFolder\WebDev\2-Javascript\nucampsite

[debug] [2024-02-18T17:54:55.131Z] <<< [apiv2][status] GET https://firebase-public.firebaseio.com/cli.json 200
[debug] [2024-02-18T17:54:55.132Z] <<< [apiv2][body] GET https://firebase-public.firebaseio.com/cli.json {"cloudBuildErrorAfter":1594252800000,"cloudBuildWarnAfter":1590019200000,"defaultNode10After":1594252800000,"minVersion":"3.0.5","node8DeploysDisabledAfter":1613390400000,"node8RuntimeDisabledAfter":1615809600000,"node8WarnAfter":1600128000000}
[info] 
=== Project Setup
[info] 
[info] First, let's associate this project directory with a Firebase project.
[info] You can create multiple project aliases by running firebase use --add, 
[info] but for now we'll just set up a default project.
[info] 
[debug] [2024-02-18T18:13:05.918Z] > refreshing access token with scopes: []
[debug] [2024-02-18T18:13:05.922Z] >>> [apiv2][query] POST https://www.googleapis.com/oauth2/v3/token [none]
[debug] [2024-02-18T18:13:05.923Z] >>> [apiv2][body] POST https://www.googleapis.com/oauth2/v3/token [omitted]
[debug] [2024-02-18T18:13:06.063Z] <<< [apiv2][status] POST https://www.googleapis.com/oauth2/v3/token 200
[debug] [2024-02-18T18:13:06.064Z] <<< [apiv2][body] POST https://www.googleapis.com/oauth2/v3/token [omitted]
[debug] [2024-02-18T18:13:06.095Z] >>> [apiv2][query] GET https://firebase.googleapis.com/v1beta1/projects pageSize=100
[debug] [2024-02-18T18:13:06.458Z] <<< [apiv2][status] GET https://firebase.googleapis.com/v1beta1/projects 200
[debug] [2024-02-18T18:13:06.459Z] <<< [apiv2][body] GET https://firebase.googleapis.com/v1beta1/projects [omitted]
[info] i  Using project campsitewebsite-89d78 (CampsiteWebsite) 
[info] 
=== Database Setup
[info] i  database: ensuring required API firebasedatabase.googleapis.com is enabled... 
[debug] [2024-02-18T18:13:09.410Z] >>> [apiv2][query] GET https://serviceusage.googleapis.com/v1/projects/campsitewebsite-89d78/services/firebasedatabase.googleapis.com [none]
[debug] [2024-02-18T18:13:09.411Z] >>> [apiv2][(partial)header] GET https://serviceusage.googleapis.com/v1/projects/campsitewebsite-89d78/services/firebasedatabase.googleapis.com x-goog-quota-user=projects/campsitewebsite-89d78
[debug] [2024-02-18T18:13:09.696Z] <<< [apiv2][status] GET https://serviceusage.googleapis.com/v1/projects/campsitewebsite-89d78/services/firebasedatabase.googleapis.com 200
[debug] [2024-02-18T18:13:09.697Z] <<< [apiv2][body] GET https://serviceusage.googleapis.com/v1/projects/campsitewebsite-89d78/services/firebasedatabase.googleapis.com [omitted]
[warn] !  database: missing required API firebasedatabase.googleapis.com. Enabling now... 
[debug] [2024-02-18T18:13:09.700Z] >>> [apiv2][query] POST https://serviceusage.googleapis.com/v1/projects/campsitewebsite-89d78/services/firebasedatabase.googleapis.com:enable [none]
[debug] [2024-02-18T18:13:09.700Z] >>> [apiv2][(partial)header] POST https://serviceusage.googleapis.com/v1/projects/campsitewebsite-89d78/services/firebasedatabase.googleapis.com:enable x-goog-quota-user=projects/campsitewebsite-89d78
[debug] [2024-02-18T18:13:10.132Z] <<< [apiv2][status] POST https://serviceusage.googleapis.com/v1/projects/campsitewebsite-89d78/services/firebasedatabase.googleapis.com:enable 200
[debug] [2024-02-18T18:13:10.133Z] <<< [apiv2][body] POST https://serviceusage.googleapis.com/v1/projects/campsitewebsite-89d78/services/firebasedatabase.googleapis.com:enable [omitted]
[debug] [2024-02-18T18:13:20.141Z] >>> [apiv2][query] GET https://serviceusage.googleapis.com/v1/projects/campsitewebsite-89d78/services/firebasedatabase.googleapis.com [none]
[debug] [2024-02-18T18:13:20.141Z] >>> [apiv2][(partial)header] GET https://serviceusage.googleapis.com/v1/projects/campsitewebsite-89d78/services/firebasedatabase.googleapis.com x-goog-quota-user=projects/campsitewebsite-89d78
[debug] [2024-02-18T18:13:20.437Z] <<< [apiv2][status] GET https://serviceusage.googleapis.com/v1/projects/campsitewebsite-89d78/services/firebasedatabase.googleapis.com 200
[debug] [2024-02-18T18:13:20.437Z] <<< [apiv2][body] GET https://serviceusage.googleapis.com/v1/projects/campsitewebsite-89d78/services/firebasedatabase.googleapis.com [omitted]
[info] +  database: required API firebasedatabase.googleapis.com is enabled 
[info] 
[debug] [2024-02-18T18:13:20.448Z] >>> [apiv2][query] GET https://firebase.googleapis.com/v1beta1/projects/campsitewebsite-89d78 [none]
[debug] [2024-02-18T18:13:20.632Z] <<< [apiv2][status] GET https://firebase.googleapis.com/v1beta1/projects/campsitewebsite-89d78 200
[debug] [2024-02-18T18:13:20.633Z] <<< [apiv2][body] GET https://firebase.googleapis.com/v1beta1/projects/campsitewebsite-89d78 {"projectId":"campsitewebsite-89d78","projectNumber":"326224271489","displayName":"CampsiteWebsite","name":"projects/campsitewebsite-89d78","resources":{"hostingSite":"campsitewebsite-89d78"},"state":"ACTIVE","etag":"1_e69c8a61-af17-4a95-bd22-acf4d1857978"}
[debug] [2024-02-18T18:13:33.602Z] >>> [apiv2][query] POST https://firebasedatabase.googleapis.com/v1beta/projects/campsitewebsite-89d78/locations/us-central1/instances databaseId=campsitewebsite-89d78-default-rtdb&validateOnly=true
[debug] [2024-02-18T18:13:33.603Z] >>> [apiv2][body] POST https://firebasedatabase.googleapis.com/v1beta/projects/campsitewebsite-89d78/locations/us-central1/instances {"type":"default_database"}
[debug] [2024-02-18T18:13:34.010Z] <<< [apiv2][status] POST https://firebasedatabase.googleapis.com/v1beta/projects/campsitewebsite-89d78/locations/us-central1/instances 200
[debug] [2024-02-18T18:13:34.011Z] <<< [apiv2][body] POST https://firebasedatabase.googleapis.com/v1beta/projects/campsitewebsite-89d78/locations/us-central1/instances {"name":"projects/326224271489/locations/us-central1/instances/campsitewebsite-89d78-default-rtdb","project":"projects/326224271489","databaseUrl":"https://campsitewebsite-89d78-default-rtdb.firebaseio.com","type":"DEFAULT_DATABASE","state":"ACTIVE"}
[debug] [2024-02-18T18:13:34.014Z] >>> [apiv2][query] POST https://firebasedatabase.googleapis.com/v1beta/projects/campsitewebsite-89d78/locations/us-central1/instances databaseId=campsitewebsite-89d78-default-rtdb
[debug] [2024-02-18T18:13:34.015Z] >>> [apiv2][body] POST https://firebasedatabase.googleapis.com/v1beta/projects/campsitewebsite-89d78/locations/us-central1/instances {"type":"default_database"}
[debug] [2024-02-18T18:13:34.548Z] <<< [apiv2][status] POST https://firebasedatabase.googleapis.com/v1beta/projects/campsitewebsite-89d78/locations/us-central1/instances 200
[debug] [2024-02-18T18:13:34.548Z] <<< [apiv2][body] POST https://firebasedatabase.googleapis.com/v1beta/projects/campsitewebsite-89d78/locations/us-central1/instances {"name":"projects/326224271489/locations/us-central1/instances/campsitewebsite-89d78-default-rtdb","project":"projects/326224271489","databaseUrl":"https://campsitewebsite-89d78-default-rtdb.firebaseio.com","type":"DEFAULT_DATABASE","state":"ACTIVE"}
[info] 
[info] Firebase Realtime Database Security Rules allow you to define how your data should be
[info] structured and when your data can be read from and written to.
[info] 
[debug] [2024-02-18T18:13:42.140Z] >>> [apiv2][query] GET https://campsitewebsite-89d78-default-rtdb.firebaseio.com/.settings/rules.json [none]
[debug] [2024-02-18T18:13:42.614Z] <<< [apiv2][status] GET https://campsitewebsite-89d78-default-rtdb.firebaseio.com/.settings/rules.json 200
[debug] [2024-02-18T18:13:42.614Z] <<< [apiv2][body] GET https://campsitewebsite-89d78-default-rtdb.firebaseio.com/.settings/rules.json [stream]
[info] +  Database Rules for campsitewebsite-89d78-default-rtdb have been written to database.rules.json. 
[info] Future modifications to database.rules.json will update Realtime Database Security Rules when you run
[info] firebase deploy.
[info] 
=== Firestore Setup
[debug] [2024-02-18T18:13:42.617Z] >>> [apiv2][query] GET https://serviceusage.googleapis.com/v1/projects/campsitewebsite-89d78/services/firestore.googleapis.com [none]
[debug] [2024-02-18T18:13:42.617Z] >>> [apiv2][(partial)header] GET https://serviceusage.googleapis.com/v1/projects/campsitewebsite-89d78/services/firestore.googleapis.com x-goog-quota-user=projects/campsitewebsite-89d78
[debug] [2024-02-18T18:13:42.882Z] <<< [apiv2][status] GET https://serviceusage.googleapis.com/v1/projects/campsitewebsite-89d78/services/firestore.googleapis.com 200
[debug] [2024-02-18T18:13:42.882Z] <<< [apiv2][body] GET https://serviceusage.googleapis.com/v1/projects/campsitewebsite-89d78/services/firestore.googleapis.com [omitted]
[debug] [2024-02-18T18:13:42.882Z] >>> [apiv2][query] GET https://firestore.googleapis.com/v1/projects/campsitewebsite-89d78/databases/(default) [none]
[debug] [2024-02-18T18:13:43.069Z] <<< [apiv2][status] GET https://firestore.googleapis.com/v1/projects/campsitewebsite-89d78/databases/(default) 200
[debug] [2024-02-18T18:13:43.069Z] <<< [apiv2][body] GET https://firestore.googleapis.com/v1/projects/campsitewebsite-89d78/databases/(default) {"name":"projects/campsitewebsite-89d78/databases/(default)","uid":"e2fb4b92-9aad-42e0-9e2f-8cbef7805d1e","createTime":"2024-02-18T18:06:08.087448Z","updateTime":"2024-02-18T18:06:08.087448Z","locationId":"nam5","type":"FIRESTORE_NATIVE","concurrencyMode":"PESSIMISTIC","versionRetentionPeriod":"3600s","earliestVersionTime":"2024-02-18T18:06:08.087448Z","appEngineIntegrationMode":"DISABLED","keyPrefix":"s","pointInTimeRecoveryEnablement":"POINT_IN_TIME_RECOVERY_DISABLED","deleteProtectionState":"DELETE_PROTECTION_DISABLED","etag":"IOiMgoC/tYQDMJjz1Ka9tYQD"}
[debug] [2024-02-18T18:13:43.069Z] database_type: FIRESTORE_NATIVE
[debug] [2024-02-18T18:13:43.069Z] > command requires scopes: ["email","openid","https://www.googleapis.com/auth/cloudplatformprojects.readonly","https://www.googleapis.com/auth/firebase","https://www.googleapis.com/auth/cloud-platform"]
[debug] [2024-02-18T18:13:43.069Z] > authorizing via signed-in user (an.angelmom2@gmail.com)
[debug] [2024-02-18T18:13:43.069Z] [iam] checking project campsitewebsite-89d78 for permissions ["firebase.projects.get"]
[debug] [2024-02-18T18:13:43.070Z] >>> [apiv2][query] POST https://cloudresourcemanager.googleapis.com/v1/projects/campsitewebsite-89d78:testIamPermissions [none]
[debug] [2024-02-18T18:13:43.070Z] >>> [apiv2][(partial)header] POST https://cloudresourcemanager.googleapis.com/v1/projects/campsitewebsite-89d78:testIamPermissions x-goog-quota-user=projects/campsitewebsite-89d78
[debug] [2024-02-18T18:13:43.070Z] >>> [apiv2][body] POST https://cloudresourcemanager.googleapis.com/v1/projects/campsitewebsite-89d78:testIamPermissions {"permissions":["firebase.projects.get"]}
[debug] [2024-02-18T18:13:43.225Z] <<< [apiv2][status] POST https://cloudresourcemanager.googleapis.com/v1/projects/campsitewebsite-89d78:testIamPermissions 200
[debug] [2024-02-18T18:13:43.225Z] <<< [apiv2][body] POST https://cloudresourcemanager.googleapis.com/v1/projects/campsitewebsite-89d78:testIamPermissions {"permissions":["firebase.projects.get"]}
[info] 
[info] Firestore Security Rules allow you to define how and when to allow
[info] requests. You can keep these rules in your project directory
[info] and publish them with firebase deploy.
[info] 
[debug] [2024-02-18T18:13:48.260Z] >>> [apiv2][query] GET https://firebaserules.googleapis.com/v1/projects/campsitewebsite-89d78/releases pageSize=10&pageToken=
[debug] [2024-02-18T18:13:48.436Z] <<< [apiv2][status] GET https://firebaserules.googleapis.com/v1/projects/campsitewebsite-89d78/releases 200
[debug] [2024-02-18T18:13:48.436Z] <<< [apiv2][body] GET https://firebaserules.googleapis.com/v1/projects/campsitewebsite-89d78/releases {}
[debug] [2024-02-18T18:13:48.437Z] No rulesets found, using default.
[info] 
[info] Firestore indexes allow you to perform complex queries while
[info] maintaining performance that scales with the size of the result
[info] set. You can keep index definitions in your project directory
[info] and publish them with firebase deploy.
[info] 
[debug] [2024-02-18T18:13:50.855Z] >>> [apiv2][query] GET https://firestore.googleapis.com/v1/projects/campsitewebsite-89d78/databases/(default)/collectionGroups/-/indexes [none]
[debug] [2024-02-18T18:13:50.861Z] >>> [apiv2][query] GET https://firestore.googleapis.com/v1/projects/campsitewebsite-89d78/databases/(default)/collectionGroups/-/fields?filter=indexConfig.usesAncestorConfig=false OR ttlConfig:* [none]
[debug] [2024-02-18T18:13:51.056Z] <<< [apiv2][status] GET https://firestore.googleapis.com/v1/projects/campsitewebsite-89d78/databases/(default)/collectionGroups/-/indexes 200
[debug] [2024-02-18T18:13:51.056Z] <<< [apiv2][body] GET https://firestore.googleapis.com/v1/projects/campsitewebsite-89d78/databases/(default)/collectionGroups/-/indexes {}
[debug] [2024-02-18T18:13:51.458Z] <<< [apiv2][status] GET https://firestore.googleapis.com/v1/projects/campsitewebsite-89d78/databases/(default)/collectionGroups/-/fields?filter=indexConfig.usesAncestorConfig=false OR ttlConfig:* 200
[debug] [2024-02-18T18:13:51.459Z] <<< [apiv2][body] GET https://firestore.googleapis.com/v1/projects/campsitewebsite-89d78/databases/(default)/collectionGroups/-/fields?filter=indexConfig.usesAncestorConfig=false OR ttlConfig:* {"fields":[{"name":"projects/campsitewebsite-89d78/databases/(default)/collectionGroups/__default__/fields/*","indexConfig":{"indexes":[{"queryScope":"COLLECTION","fields":[{"fieldPath":"*","order":"ASCENDING"}],"state":"READY"},{"queryScope":"COLLECTION","fields":[{"fieldPath":"*","order":"DESCENDING"}],"state":"READY"},{"queryScope":"COLLECTION","fields":[{"fieldPath":"*","arrayConfig":"CONTAINS"}],"state":"READY"}]}}]}
[info] 
=== Functions Setup
[debug] [2024-02-18T18:13:51.464Z] > command requires scopes: ["email","openid","https://www.googleapis.com/auth/cloudplatformprojects.readonly","https://www.googleapis.com/auth/firebase","https://www.googleapis.com/auth/cloud-platform"]
[debug] [2024-02-18T18:13:51.464Z] > authorizing via signed-in user (an.angelmom2@gmail.com)
[debug] [2024-02-18T18:13:51.465Z] [iam] checking project campsitewebsite-89d78 for permissions ["firebase.projects.get"]
[debug] [2024-02-18T18:13:51.465Z] >>> [apiv2][query] POST https://cloudresourcemanager.googleapis.com/v1/projects/campsitewebsite-89d78:testIamPermissions [none]
[debug] [2024-02-18T18:13:51.466Z] >>> [apiv2][(partial)header] POST https://cloudresourcemanager.googleapis.com/v1/projects/campsitewebsite-89d78:testIamPermissions x-goog-quota-user=projects/campsitewebsite-89d78
[debug] [2024-02-18T18:13:51.466Z] >>> [apiv2][body] POST https://cloudresourcemanager.googleapis.com/v1/projects/campsitewebsite-89d78:testIamPermissions {"permissions":["firebase.projects.get"]}
[debug] [2024-02-18T18:13:51.617Z] <<< [apiv2][status] POST https://cloudresourcemanager.googleapis.com/v1/projects/campsitewebsite-89d78:testIamPermissions 200
[debug] [2024-02-18T18:13:51.618Z] <<< [apiv2][body] POST https://cloudresourcemanager.googleapis.com/v1/projects/campsitewebsite-89d78:testIamPermissions {"permissions":["firebase.projects.get"]}
[debug] [2024-02-18T18:13:51.619Z] >>> [apiv2][query] GET https://serviceusage.googleapis.com/v1/projects/campsitewebsite-89d78/services/cloudfunctions.googleapis.com [none]
[debug] [2024-02-18T18:13:51.619Z] >>> [apiv2][(partial)header] GET https://serviceusage.googleapis.com/v1/projects/campsitewebsite-89d78/services/cloudfunctions.googleapis.com x-goog-quota-user=projects/campsitewebsite-89d78
[debug] [2024-02-18T18:13:51.625Z] >>> [apiv2][query] GET https://serviceusage.googleapis.com/v1/projects/campsitewebsite-89d78/services/runtimeconfig.googleapis.com [none]
[debug] [2024-02-18T18:13:51.626Z] >>> [apiv2][(partial)header] GET https://serviceusage.googleapis.com/v1/projects/campsitewebsite-89d78/services/runtimeconfig.googleapis.com x-goog-quota-user=projects/campsitewebsite-89d78
[debug] [2024-02-18T18:13:51.882Z] <<< [apiv2][status] GET https://serviceusage.googleapis.com/v1/projects/campsitewebsite-89d78/services/runtimeconfig.googleapis.com 200
[debug] [2024-02-18T18:13:51.883Z] <<< [apiv2][body] GET https://serviceusage.googleapis.com/v1/projects/campsitewebsite-89d78/services/runtimeconfig.googleapis.com [omitted]
[debug] [2024-02-18T18:13:51.889Z] <<< [apiv2][status] GET https://serviceusage.googleapis.com/v1/projects/campsitewebsite-89d78/services/cloudfunctions.googleapis.com 200
[debug] [2024-02-18T18:13:51.890Z] <<< [apiv2][body] GET https://serviceusage.googleapis.com/v1/projects/campsitewebsite-89d78/services/cloudfunctions.googleapis.com [omitted]
[debug] [2024-02-18T18:13:51.891Z] >>> [apiv2][query] POST https://serviceusage.googleapis.com/v1/projects/campsitewebsite-89d78/services/cloudfunctions.googleapis.com:enable [none]
[debug] [2024-02-18T18:13:51.891Z] >>> [apiv2][(partial)header] POST https://serviceusage.googleapis.com/v1/projects/campsitewebsite-89d78/services/cloudfunctions.googleapis.com:enable x-goog-quota-user=projects/campsitewebsite-89d78
[debug] [2024-02-18T18:13:52.344Z] <<< [apiv2][status] POST https://serviceusage.googleapis.com/v1/projects/campsitewebsite-89d78/services/cloudfunctions.googleapis.com:enable 200
[debug] [2024-02-18T18:13:52.344Z] <<< [apiv2][body] POST https://serviceusage.googleapis.com/v1/projects/campsitewebsite-89d78/services/cloudfunctions.googleapis.com:enable [omitted]
[debug] [2024-02-18T18:14:02.357Z] >>> [apiv2][query] GET https://serviceusage.googleapis.com/v1/projects/campsitewebsite-89d78/services/cloudfunctions.googleapis.com [none]
[debug] [2024-02-18T18:14:02.357Z] >>> [apiv2][(partial)header] GET https://serviceusage.googleapis.com/v1/projects/campsitewebsite-89d78/services/cloudfunctions.googleapis.com x-goog-quota-user=projects/campsitewebsite-89d78
[debug] [2024-02-18T18:14:02.598Z] <<< [apiv2][status] GET https://serviceusage.googleapis.com/v1/projects/campsitewebsite-89d78/services/cloudfunctions.googleapis.com 200
[debug] [2024-02-18T18:14:02.599Z] <<< [apiv2][body] GET https://serviceusage.googleapis.com/v1/projects/campsitewebsite-89d78/services/cloudfunctions.googleapis.com [omitted]
[info] Let's create a new codebase for your functions.
[info] A directory corresponding to the codebase will be created in your project
[info] with sample code pre-configured.

[info] See https://firebase.google.com/docs/functions/organize-functions for
[info] more information on organizing your functions using codebases.

[info] Functions can be deployed with firebase deploy.

[info] +  Wrote functions/package.json 
[info] +  Wrote functions/.eslintrc.js 
[info] +  Wrote functions/index.js 
[info] +  Wrote functions/.gitignore 
[info] 
=== Hosting Setup
[debug] [2024-02-18T18:15:04.546Z] >>> [apiv2][query] GET https://firebase.googleapis.com/v1beta1/projects/campsitewebsite-89d78 [none]
[debug] [2024-02-18T18:15:04.761Z] <<< [apiv2][status] GET https://firebase.googleapis.com/v1beta1/projects/campsitewebsite-89d78 200
[debug] [2024-02-18T18:15:04.762Z] <<< [apiv2][body] GET https://firebase.googleapis.com/v1beta1/projects/campsitewebsite-89d78 {"projectId":"campsitewebsite-89d78","projectNumber":"326224271489","displayName":"CampsiteWebsite","name":"projects/campsitewebsite-89d78","resources":{"hostingSite":"campsitewebsite-89d78","realtimeDatabaseInstance":"campsitewebsite-89d78-default-rtdb"},"state":"ACTIVE","etag":"1_e69c8a61-af17-4a95-bd22-acf4d1857978"}
[info] 
[info] Your public directory is the folder (relative to your project directory) that
[info] will contain Hosting assets to be uploaded with firebase deploy. If you
[info] have a build process for your assets, use your build's output directory.
[info] 
[debug] [2024-02-18T18:17:14.538Z] >>> [apiv2][query] GET https://www.gstatic.com/firebasejs/releases.json [none]
[debug] [2024-02-18T18:17:14.621Z] <<< [apiv2][status] GET https://www.gstatic.com/firebasejs/releases.json 200
[debug] [2024-02-18T18:17:14.622Z] <<< [apiv2][body] GET https://www.gstatic.com/firebasejs/releases.json {"current":{"version":"10.8.0","browserURL":"https://www.gstatic.com/firebasejs/10.8.0/firebase.js","packageURL":"https://www.gstatic.com/firebasejs/10.8.0/firebase.tgz"},"live":{"version":"10.8","browserURL":"https://www.gstatic.com/firebasejs/live/10.8/firebase.js","packageURL":"https://www.gstatic.com/firebasejs/live/10.8/firebase.tgz"},"components":{"analytics":"https://www.gstatic.com/firebasejs/10.8.0/firebase-analytics.js","app":"https://www.gstatic.com/firebasejs/10.8.0/firebase-app.js","app-check":"https://www.gstatic.com/firebasejs/10.8.0/firebase-app-check.js","auth":"https://www.gstatic.com/firebasejs/10.8.0/firebase-auth.js","auth/cordova":"https://www.gstatic.com/firebasejs/10.8.0/firebase-auth/cordova.js","auth/web-extension":"https://www.gstatic.com/firebasejs/10.8.0/firebase-auth/web-extension.js","functions":"https://www.gstatic.com/firebasejs/10.8.0/firebase-functions.js","firestore":"https://www.gstatic.com/firebasejs/10.8.0/firebase-firestore.js","firestore/lite":"https://www.gstatic.com/firebasejs/10.8.0/firebase-firestore/lite.js","installations":"https://www.gstatic.com/firebasejs/10.8.0/firebase-installations.js","storage":"https://www.gstatic.com/firebasejs/10.8.0/firebase-storage.js","performance":"https://www.gstatic.com/firebasejs/10.8.0/firebase-performance.js","remote-config":"https://www.gstatic.com/firebasejs/10.8.0/firebase-remote-config.js","messaging":"https://www.gstatic.com/firebasejs/10.8.0/firebase-messaging.js","messaging/sw":"https://www.gstatic.com/firebasejs/10.8.0/firebase-messaging/sw.js","database":"https://www.gstatic.com/firebasejs/10.8.0/firebase-database.js","firestore.memory":"https://www.gstatic.com/firebasejs/10.8.0/firebase-firestore.memory.js"}}
[info] +  Wrote public/index.html 
[info] 
[info] i  Detected a .git folder at C:\Users\anang\OneDrive\Desktop\NucampFolder\NucampFolder\WebDev\2-Javascript\nucampsite 
[info] i  Authorizing with GitHub to upload your service account to a GitHub repository's secrets store. 
[info] 
[info] Visit this URL on this device to log in:
[info] https://github.com/login/oauth/authorize?client_id=89cf50f02ac6aaed3484&state=529803453&redirect_uri=http%3A%2F%2Flocalhost%3A9005&scope=read%3Auser%20repo%20public_repo
[info] 
[info] Waiting for authentication...
[debug] [2024-02-18T18:17:15.162Z] >>> [apiv2][query] POST https://github.com/login/oauth/access_token [none]
[debug] [2024-02-18T18:17:15.162Z] >>> [apiv2][body] POST https://github.com/login/oauth/access_token [stream]
[debug] [2024-02-18T18:17:15.421Z] <<< [apiv2][status] POST https://github.com/login/oauth/access_token 200
[debug] [2024-02-18T18:17:15.422Z] <<< [apiv2][body] POST https://github.com/login/oauth/access_token {"access_token":"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","token_type":"bearer","scope":"read:user,repo"}
[debug] [2024-02-18T18:17:15.449Z] >>> [apiv2][query] GET https://api.github.com/user [none]
[debug] [2024-02-18T18:17:15.707Z] <<< [apiv2][status] GET https://api.github.com/user 200
[debug] [2024-02-18T18:17:15.707Z] <<< [apiv2][body] GET https://api.github.com/user {"login":"CodeMehringer","id":153135304,"node_id":"U_kgDOCSCoyA","avatar_url":"https://avatars.githubusercontent.com/u/153135304?v=4","gravatar_id":"","url":"https://api.github.com/users/CodeMehringer","html_url":"https://github.com/CodeMehringer","followers_url":"https://api.github.com/users/CodeMehringer/followers","following_url":"https://api.github.com/users/CodeMehringer/following{/other_user}","gists_url":"https://api.github.com/users/CodeMehringer/gists{/gist_id}","starred_url":"https://api.github.com/users/CodeMehringer/starred{/owner}{/repo}","subscriptions_url":"https://api.github.com/users/CodeMehringer/subscriptions","organizations_url":"https://api.github.com/users/CodeMehringer/orgs","repos_url":"https://api.github.com/users/CodeMehringer/repos","events_url":"https://api.github.com/users/CodeMehringer/events{/privacy}","received_events_url":"https://api.github.com/users/CodeMehringer/received_events","type":"User","site_admin":false,"name":null,"company":null,"blog":"","location":null,"email":null,"hireable":null,"bio":null,"twitter_username":null,"public_repos":5,"public_gists":0,"followers":0,"following":0,"created_at":"2023-12-06T21:41:42Z","updated_at":"2024-01-25T22:11:20Z","private_gists":0,"total_private_repos":3,"owned_private_repos":3,"disk_usage":566,"collaborators":0,"two_factor_authentication":true,"plan":{"name":"free","space":976562499,"collaborators":0,"private_repos":10000}}
[info] 
[info] +  Success! Logged into GitHub as CodeMehringer 
[info] 
[debug] [2024-02-18T18:17:44.582Z] >>> [apiv2][query] GET https://api.github.com/repos/https://github.com/CodeMehringer/nucampsitejs.git/actions/secrets/public-key type=owner
[debug] [2024-02-18T18:17:44.779Z] <<< [apiv2][status] GET https://api.github.com/repos/https://github.com/CodeMehringer/nucampsitejs.git/actions/secrets/public-key 404
[debug] [2024-02-18T18:17:44.780Z] <<< [apiv2][body] GET https://api.github.com/repos/https://github.com/CodeMehringer/nucampsitejs.git/actions/secrets/public-key {"message":"Not Found","documentation_url":"https://docs.github.com/rest"}
[info] 
[info] 
[error] !  The provided authorization cannot be used with this repository. If this repository is in an organization, did you remember to grant access? 
[info] 
[info] i  Action required: Visit this URL to ensure access has been granted to the appropriate organization(s) for the Firebase CLI GitHub OAuth App: 
[info] https://github.com/settings/connections/applications/89cf50f02ac6aaed3484
[info] 
[debug] [2024-02-18T18:18:12.466Z] >>> [apiv2][query] GET https://api.github.com/repos/https://github.com/CodeMehringer/nucampsitejs.git/actions/secrets/public-key type=owner
[debug] [2024-02-18T18:18:12.673Z] <<< [apiv2][status] GET https://api.github.com/repos/https://github.com/CodeMehringer/nucampsitejs.git/actions/secrets/public-key 404
[debug] [2024-02-18T18:18:12.673Z] <<< [apiv2][body] GET https://api.github.com/repos/https://github.com/CodeMehringer/nucampsitejs.git/actions/secrets/public-key {"message":"Not Found","documentation_url":"https://docs.github.com/rest"}
[info] 
[info] 
[error] !  The provided authorization cannot be used with this repository. If this repository is in an organization, did you remember to grant access? 
[info] 
[info] i  Action required: Visit this URL to ensure access has been granted to the appropriate organization(s) for the Firebase CLI GitHub OAuth App: 
[info] https://github.com/settings/connections/applications/89cf50f02ac6aaed3484
[info] 
[debug] [2024-02-18T18:24:26.421Z] >>> [apiv2][query] GET https://api.github.com/repos/https://github.com/CodeMehringer/nucampsitejs.git/actions/secrets/public-key type=owner
[debug] [2024-02-18T18:24:26.632Z] <<< [apiv2][status] GET https://api.github.com/repos/https://github.com/CodeMehringer/nucampsitejs.git/actions/secrets/public-key 404
[debug] [2024-02-18T18:24:26.632Z] <<< [apiv2][body] GET https://api.github.com/repos/https://github.com/CodeMehringer/nucampsitejs.git/actions/secrets/public-key {"message":"Not Found","documentation_url":"https://docs.github.com/rest"}
[info] 
[info] 
[error] !  The provided authorization cannot be used with this repository. If this repository is in an organization, did you remember to grant access? 
[info] 
[info] i  Action required: Visit this URL to ensure access has been granted to the appropriate organization(s) for the Firebase CLI GitHub OAuth App: 
[info] https://github.com/settings/connections/applications/89cf50f02ac6aaed3484
[info] 
[debug] [2024-02-18T18:31:10.030Z] >>> [apiv2][query] GET https://api.github.com/repos/https://github.com/CodeMehringer/nucampsitejs.git/actions/secrets/public-key type=owner
[debug] [2024-02-18T18:31:10.246Z] <<< [apiv2][status] GET https://api.github.com/repos/https://github.com/CodeMehringer/nucampsitejs.git/actions/secrets/public-key 404
[debug] [2024-02-18T18:31:10.246Z] <<< [apiv2][body] GET https://api.github.com/repos/https://github.com/CodeMehringer/nucampsitejs.git/actions/secrets/public-key {"message":"Not Found","documentation_url":"https://docs.github.com/rest"}
[info] 
[info] 
[error] !  The provided authorization cannot be used with this repository. If this repository is in an organization, did you remember to grant access? 
[info] 
[info] i  Action required: Visit this URL to ensure access has been granted to the appropriate organization(s) for the Firebase CLI GitHub OAuth App: 
[info] https://github.com/settings/connections/applications/89cf50f02ac6aaed3484
[info] 
[debug] [2024-02-18T18:32:24.802Z] >>> [apiv2][query] GET https://api.github.com/repos/https://github.com/CodeMehringer/nucampsitejs.githttps://github.com/CodeMehringer/nucampsitejs.git/actions/secrets/public-key type=owner
[debug] [2024-02-18T18:32:25.024Z] <<< [apiv2][status] GET https://api.github.com/repos/https://github.com/CodeMehringer/nucampsitejs.githttps://github.com/CodeMehringer/nucampsitejs.git/actions/secrets/public-key 404
[debug] [2024-02-18T18:32:25.025Z] <<< [apiv2][body] GET https://api.github.com/repos/https://github.com/CodeMehringer/nucampsitejs.githttps://github.com/CodeMehringer/nucampsitejs.git/actions/secrets/public-key {"message":"Not Found","documentation_url":"https://docs.github.com/rest"}
[info] 
[info] 
[error] !  The provided authorization cannot be used with this repository. If this repository is in an organization, did you remember to grant access? 
[info] 
[info] i  Action required: Visit this URL to ensure access has been granted to the appropriate organization(s) for the Firebase CLI GitHub OAuth App: 
[info] https://github.com/settings/connections/applications/89cf50f02ac6aaed3484
[info] 
[debug] [2024-02-18T18:32:41.974Z] >>> [apiv2][query] GET https://api.github.com/repos/https://github.com/CodeMehringer/nucampsitejs.githttps://github.com/CodeMehringer/nucampsitejs./actions/secrets/public-key type=owner
[debug] [2024-02-18T18:32:42.202Z] <<< [apiv2][status] GET https://api.github.com/repos/https://github.com/CodeMehringer/nucampsitejs.githttps://github.com/CodeMehringer/nucampsitejs./actions/secrets/public-key 404
[debug] [2024-02-18T18:32:42.202Z] <<< [apiv2][body] GET https://api.github.com/repos/https://github.com/CodeMehringer/nucampsitejs.githttps://github.com/CodeMehringer/nucampsitejs./actions/secrets/public-key {"message":"Not Found","documentation_url":"https://docs.github.com/rest"}
[info] 
[info] 
[error] !  The provided authorization cannot be used with this repository. If this repository is in an organization, did you remember to grant access? 
[info] 
[info] i  Action required: Visit this URL to ensure access has been granted to the appropriate organization(s) for the Firebase CLI GitHub OAuth App: 
[info] https://github.com/settings/connections/applications/89cf50f02ac6aaed3484
[info] 
[debug] [2024-02-18T18:32:46.659Z] >>> [apiv2][query] GET https://api.github.com/repos/https://github.com/CodeMehringer/nucampsitejs.githttps://github.com/CodeMehringer/nucampsitejs.user/actions/secrets/public-key type=owner
[debug] [2024-02-18T18:32:46.746Z] <<< [apiv2][status] GET https://api.github.com/repos/https://github.com/CodeMehringer/nucampsitejs.githttps://github.com/CodeMehringer/nucampsitejs.user/actions/secrets/public-key 404
[debug] [2024-02-18T18:32:46.747Z] <<< [apiv2][body] GET https://api.github.com/repos/https://github.com/CodeMehringer/nucampsitejs.githttps://github.com/CodeMehringer/nucampsitejs.user/actions/secrets/public-key {"message":"Not Found","documentation_url":"https://docs.github.com/rest"}
[info] 
[info] 
[error] !  The provided authorization cannot be used with this repository. If this repository is in an organization, did you remember to grant access? 
[info] 
[info] i  Action required: Visit this URL to ensure access has been granted to the appropriate organization(s) for the Firebase CLI GitHub OAuth App: 
[info] https://github.com/settings/connections/applications/89cf50f02ac6aaed3484
[info] 
